<?xml version="1.0" encoding="UTF-8"?>
<robot generator="Robot 6.1.1 (Python 3.12.0 on win32)" generated="20231102 10:03:09.783" rpa="false" schemaversion="4">
<suite id="s1" name="TC1" source="C:\Users\Gebruiker\PycharmProjects\pythonProject\TestCases\TC1.robot">
<test id="s1-t1" name="LoginTest" line="15">
<kw name="Open Browser" library="SeleniumLibrary">
<arg>https://www.jumbo.com/</arg>
<arg>chrome</arg>
<doc>Opens a new browser instance to the optional ``url``.</doc>
<msg timestamp="20231102 10:03:10.037" level="INFO">Opening browser 'chrome' to base url 'https://www.jumbo.com/'.</msg>
<status status="PASS" starttime="20231102 10:03:10.037" endtime="20231102 10:03:13.308"/>
</kw>
<kw name="Maximize Browser Window" library="SeleniumLibrary">
<doc>Maximizes current browser window.</doc>
<status status="PASS" starttime="20231102 10:03:13.309" endtime="20231102 10:03:13.768"/>
</kw>
<kw name="Sleep" library="BuiltIn">
<arg>3</arg>
<doc>Pauses the test executed for the given time.</doc>
<msg timestamp="20231102 10:03:16.769" level="INFO">Slept 3 seconds</msg>
<status status="PASS" starttime="20231102 10:03:13.768" endtime="20231102 10:03:16.769"/>
</kw>
<kw name="Execute Javascript" library="SeleniumLibrary">
<arg>window.scrollTo(0,200)</arg>
<doc>Executes the given JavaScript code with possible arguments.</doc>
<msg timestamp="20231102 10:03:16.769" level="INFO">Executing JavaScript:
window.scrollTo(0,200)
Without any arguments.</msg>
<status status="PASS" starttime="20231102 10:03:16.769" endtime="20231102 10:03:16.779"/>
</kw>
<kw name="Click Button" library="SeleniumLibrary">
<arg>xpath://button[@id='onetrust-accept-btn-handler']</arg>
<doc>Clicks the button identified by ``locator``.</doc>
<msg timestamp="20231102 10:03:16.783" level="INFO">Clicking button 'xpath://button[@id='onetrust-accept-btn-handler']'.</msg>
<status status="PASS" starttime="20231102 10:03:16.779" endtime="20231102 10:03:17.014"/>
</kw>
<kw name="Click Element" library="SeleniumLibrary">
<arg>xpath://span[text()='Inloggen']</arg>
<doc>Click the element identified by ``locator``.</doc>
<msg timestamp="20231102 10:03:17.016" level="INFO">Clicking element 'xpath://span[text()='Inloggen']'.</msg>
<status status="PASS" starttime="20231102 10:03:17.015" endtime="20231102 10:03:18.631"/>
</kw>
<kw name="Sleep" library="BuiltIn">
<arg>3</arg>
<doc>Pauses the test executed for the given time.</doc>
<msg timestamp="20231102 10:03:21.631" level="INFO">Slept 3 seconds</msg>
<status status="PASS" starttime="20231102 10:03:18.631" endtime="20231102 10:03:21.631"/>
</kw>
<kw name="Input Text" library="SeleniumLibrary">
<arg>id:username</arg>
<arg>akyor06@hotmail.com</arg>
<doc>Types the given ``text`` into the text field identified by ``locator``.</doc>
<msg timestamp="20231102 10:03:21.631" level="INFO">Typing text 'akyor06@hotmail.com' into text field 'id:username'.</msg>
<status status="PASS" starttime="20231102 10:03:21.631" endtime="20231102 10:03:21.721"/>
</kw>
<kw name="Input Text" library="SeleniumLibrary">
<arg>id:password</arg>
<arg>Ny233134.</arg>
<doc>Types the given ``text`` into the text field identified by ``locator``.</doc>
<msg timestamp="20231102 10:03:21.727" level="INFO">Typing text 'Ny233134.' into text field 'id:password'.</msg>
<status status="PASS" starttime="20231102 10:03:21.727" endtime="20231102 10:03:21.815"/>
</kw>
<kw name="Click Element" library="SeleniumLibrary">
<arg>xpath://button[@class='c03525a04 ca5866931 cda6ccd84 c67906ae7 cd6731ef1']</arg>
<doc>Click the element identified by ``locator``.</doc>
<msg timestamp="20231102 10:03:21.815" level="INFO">Clicking element 'xpath://button[@class='c03525a04 ca5866931 cda6ccd84 c67906ae7 cd6731ef1']'.</msg>
<status status="PASS" starttime="20231102 10:03:21.815" endtime="20231102 10:03:22.128"/>
</kw>
<kw name="Sleep" library="BuiltIn">
<arg>3</arg>
<doc>Pauses the test executed for the given time.</doc>
<msg timestamp="20231102 10:03:25.129" level="INFO">Slept 3 seconds</msg>
<status status="PASS" starttime="20231102 10:03:22.128" endtime="20231102 10:03:25.129"/>
</kw>
<status status="PASS" starttime="20231102 10:03:10.037" endtime="20231102 10:03:25.129"/>
</test>
<status status="PASS" starttime="20231102 10:03:09.799" endtime="20231102 10:03:25.129"/>
</suite>
<statistics>
<total>
<stat pass="1" fail="0" skip="0">All Tests</stat>
</total>
<tag>
</tag>
<suite>
<stat pass="1" fail="0" skip="0" id="s1" name="TC1">TC1</stat>
</suite>
</statistics>
<errors>
</errors>
</robot>
