<?xml version="1.0" encoding="UTF-8"?>
<robot generator="Robot 6.1.1 (Python 3.12.0 on win32)" generated="20231130 14:13:01.364" rpa="false" schemaversion="4">
<suite id="s1" name="TC1" source="C:\Users\Gebruiker\PycharmProjects\pythonProject\TestCases\TC1.robot">
<test id="s1-t1" name="LoginTest" line="14">
<kw name="Log" library="BuiltIn">
<arg>Testcase1</arg>
<doc>Logs the given message with the given level.</doc>
<msg timestamp="20231130 14:13:01.732" level="INFO">Testcase1</msg>
<status status="PASS" starttime="20231130 14:13:01.732" endtime="20231130 14:13:01.734"/>
</kw>
<kw name="Open Browser" library="SeleniumLibrary">
<arg>${jumboHomePage}</arg>
<arg>${browser}</arg>
<doc>Opens a new browser instance to the optional ``url``.</doc>
<msg timestamp="20231130 14:13:01.735" level="INFO">Opening browser 'chrome' to base url 'https://www.jumbo.com/'.</msg>
<status status="PASS" starttime="20231130 14:13:01.734" endtime="20231130 14:13:07.736"/>
</kw>
<kw name="logingSteps">
<kw name="Maximize Browser Window" library="SeleniumLibrary">
<doc>Maximizes current browser window.</doc>
<status status="PASS" starttime="20231130 14:13:07.737" endtime="20231130 14:13:07.915"/>
</kw>
<kw name="Sleep" library="BuiltIn">
<arg>3</arg>
<doc>Pauses the test executed for the given time.</doc>
<msg timestamp="20231130 14:13:10.916" level="INFO">Slept 3 seconds</msg>
<status status="PASS" starttime="20231130 14:13:07.915" endtime="20231130 14:13:10.916"/>
</kw>
<kw name="Click Button" library="SeleniumLibrary">
<arg>xpath://button[@id='onetrust-accept-btn-handler']</arg>
<doc>Clicks the button identified by ``locator``.</doc>
<msg timestamp="20231130 14:13:10.918" level="INFO">Clicking button 'xpath://button[@id='onetrust-accept-btn-handler']'.</msg>
<status status="PASS" starttime="20231130 14:13:10.917" endtime="20231130 14:13:11.236"/>
</kw>
<kw name="Execute Javascript" library="SeleniumLibrary">
<arg>window.scrollTo(0,200)</arg>
<doc>Executes the given JavaScript code with possible arguments.</doc>
<msg timestamp="20231130 14:13:11.240" level="INFO">Executing JavaScript:
window.scrollTo(0,200)
Without any arguments.</msg>
<status status="PASS" starttime="20231130 14:13:11.237" endtime="20231130 14:13:11.369"/>
</kw>
<kw name="Click Element" library="SeleniumLibrary">
<arg>xpath://span[text()='Inloggen']</arg>
<doc>Click the element identified by ``locator``.</doc>
<msg timestamp="20231130 14:13:11.370" level="INFO">Clicking element 'xpath://span[text()='Inloggen']'.</msg>
<status status="PASS" starttime="20231130 14:13:11.369" endtime="20231130 14:13:12.664"/>
</kw>
<kw name="Sleep" library="BuiltIn">
<arg>3</arg>
<doc>Pauses the test executed for the given time.</doc>
<msg timestamp="20231130 14:13:15.666" level="INFO">Slept 3 seconds</msg>
<status status="PASS" starttime="20231130 14:13:12.664" endtime="20231130 14:13:15.666"/>
</kw>
<kw name="Input Text" library="SeleniumLibrary">
<arg>id:username</arg>
<arg>akyor06@hotmail.com</arg>
<doc>Types the given ``text`` into the text field identified by ``locator``.</doc>
<msg timestamp="20231130 14:13:15.667" level="INFO">Typing text 'akyor06@hotmail.com' into text field 'id:username'.</msg>
<status status="PASS" starttime="20231130 14:13:15.666" endtime="20231130 14:13:15.775"/>
</kw>
<kw name="Input Text" library="SeleniumLibrary">
<arg>id:password</arg>
<arg>Ny233134.</arg>
<doc>Types the given ``text`` into the text field identified by ``locator``.</doc>
<msg timestamp="20231130 14:13:15.776" level="INFO">Typing text 'Ny233134.' into text field 'id:password'.</msg>
<status status="PASS" starttime="20231130 14:13:15.775" endtime="20231130 14:13:15.863"/>
</kw>
<kw name="Click Element" library="SeleniumLibrary">
<arg>xpath://button[@class='c03525a04 ca5866931 cda6ccd84 c67906ae7 cd6731ef1']</arg>
<doc>Click the element identified by ``locator``.</doc>
<msg timestamp="20231130 14:13:15.864" level="INFO">Clicking element 'xpath://button[@class='c03525a04 ca5866931 cda6ccd84 c67906ae7 cd6731ef1']'.</msg>
<msg timestamp="20231130 14:13:16.072" level="INFO" html="true">&lt;/td&gt;&lt;/tr&gt;&lt;tr&gt;&lt;td colspan="3"&gt;&lt;a href="selenium-screenshot-3.png"&gt;&lt;img src="selenium-screenshot-3.png" width="800px"&gt;&lt;/a&gt;</msg>
<msg timestamp="20231130 14:13:16.073" level="FAIL">Element with locator 'xpath://button[@class='c03525a04 ca5866931 cda6ccd84 c67906ae7 cd6731ef1']' not found.</msg>
<status status="FAIL" starttime="20231130 14:13:15.863" endtime="20231130 14:13:16.076"/>
</kw>
<kw name="Sleep" library="BuiltIn">
<arg>3</arg>
<doc>Pauses the test executed for the given time.</doc>
<status status="NOT RUN" starttime="20231130 14:13:16.076" endtime="20231130 14:13:16.076"/>
</kw>
<status status="FAIL" starttime="20231130 14:13:07.736" endtime="20231130 14:13:16.076"/>
</kw>
<kw name="Close Browser" library="SeleniumLibrary">
<doc>Closes the current browser.</doc>
<status status="NOT RUN" starttime="20231130 14:13:16.077" endtime="20231130 14:13:16.077"/>
</kw>
<status status="FAIL" starttime="20231130 14:13:01.731" endtime="20231130 14:13:16.077">Element with locator 'xpath://button[@class='c03525a04 ca5866931 cda6ccd84 c67906ae7 cd6731ef1']' not found.</status>
</test>
<status status="FAIL" starttime="20231130 14:13:01.368" endtime="20231130 14:13:16.078"/>
</suite>
<statistics>
<total>
<stat pass="0" fail="1" skip="0">All Tests</stat>
</total>
<tag>
</tag>
<suite>
<stat pass="0" fail="1" skip="0" id="s1" name="TC1">TC1</stat>
</suite>
</statistics>
<errors>
</errors>
</robot>
