<?xml version="1.0" encoding="UTF-8"?>
<robot generator="Robot 6.1.1 (Python 3.12.0 on win32)" generated="20231220 10:23:48.279" rpa="false" schemaversion="4">
<suite id="s1" name="GoogleSearch" source="C:\Users\Gebruiker\PycharmProjects\pythonProject\TestSuite\GoogleSearch\GoogleSearch.robot">
<test id="s1-t1" name="Google Test" line="9">
<kw name="Open Browser" library="SeleniumLibrary">
<arg>http://www.google.com</arg>
<arg>chrome</arg>
<doc>Opens a new browser instance to the optional ``url``.</doc>
<msg timestamp="20231220 10:23:49.100" level="INFO">Opening browser 'chrome' to base url 'http://www.google.com'.</msg>
<status status="PASS" starttime="20231220 10:23:49.100" endtime="20231220 10:23:55.975"/>
</kw>
<kw name="Close Browser" library="SeleniumLibrary">
<doc>Closes the current browser.</doc>
<status status="PASS" starttime="20231220 10:23:55.975" endtime="20231220 10:23:58.245"/>
</kw>
<doc>Google test</doc>
<tag>regression</tag>
<status status="PASS" starttime="20231220 10:23:49.097" endtime="20231220 10:23:58.245"/>
</test>
<status status="PASS" starttime="20231220 10:23:48.282" endtime="20231220 10:23:58.246"/>
</suite>
<statistics>
<total>
<stat pass="1" fail="0" skip="0">All Tests</stat>
</total>
<tag>
<stat pass="1" fail="0" skip="0">regression</stat>
</tag>
<suite>
<stat pass="1" fail="0" skip="0" id="s1" name="GoogleSearch">GoogleSearch</stat>
</suite>
</statistics>
<errors>
<msg timestamp="20231220 10:23:49.092" level="ERROR">Error in file 'C:\Users\Gebruiker\PycharmProjects\pythonProject\TestSuite\GoogleSearch\GoogleSearch.robot' on line 3: Resource setting requires value.</msg>
</errors>
</robot>
