<?xml version="1.0" encoding="UTF-8"?>
<robot generator="Robot 6.1.1 (Python 3.12.0 on win32)" generated="20240125 13:37:26.246" rpa="false" schemaversion="4">
<suite id="s1" name="LoginPage" source="C:\Users\Gebruiker\PycharmProjects\pythonProject\TestCases\Jumbo\LoginPage.robot">
<test id="s1-t1" name="Verify basic search functionality" line="11">
<kw name="OpenB" library="CommonFunctionality" type="SETUP">
<kw name="Open Browser" library="SeleniumLibrary">
<arg>https://www.jumbo.com/</arg>
<arg>chrome</arg>
<doc>Opens a new browser instance to the optional ``url``.</doc>
<msg timestamp="20240125 13:37:26.549" level="INFO">Opening browser 'chrome' to base url 'https://www.jumbo.com/'.</msg>
<status status="PASS" starttime="20240125 13:37:26.549" endtime="20240125 13:37:30.415"/>
</kw>
<kw name="Maximize Browser Window" library="SeleniumLibrary">
<doc>Maximizes current browser window.</doc>
<status status="PASS" starttime="20240125 13:37:30.415" endtime="20240125 13:37:30.538"/>
</kw>
<status status="PASS" starttime="20240125 13:37:26.548" endtime="20240125 13:37:30.539"/>
</kw>
<kw name="Sleep" library="BuiltIn">
<arg>1</arg>
<doc>Pauses the test executed for the given time.</doc>
<msg timestamp="20240125 13:37:31.540" level="INFO">Slept 1 second</msg>
<status status="PASS" starttime="20240125 13:37:30.539" endtime="20240125 13:37:31.541"/>
</kw>
<kw name="Test Steps" library="CommonFunctionality">
<kw name="Click Button" library="SeleniumLibrary">
<arg>xpath://button[@id='onetrust-accept-btn-handler']</arg>
<doc>Clicks the button identified by ``locator``.</doc>
<msg timestamp="20240125 13:37:31.546" level="INFO">Clicking button 'xpath://button[@id='onetrust-accept-btn-handler']'.</msg>
<status status="PASS" starttime="20240125 13:37:31.543" endtime="20240125 13:37:31.785"/>
</kw>
<kw name="Input Text" library="SeleniumLibrary">
<arg>xpath://*[@name='searchTerms']</arg>
<arg>Nutella</arg>
<doc>Types the given ``text`` into the text field identified by ``locator``.</doc>
<msg timestamp="20240125 13:37:31.787" level="INFO">Typing text 'Nutella' into text field 'xpath://*[@name='searchTerms']'.</msg>
<status status="PASS" starttime="20240125 13:37:31.785" endtime="20240125 13:37:32.116"/>
</kw>
<kw name="Click Button" library="SeleniumLibrary">
<arg>xpath://button[@data-label='Zoeken']</arg>
<doc>Clicks the button identified by ``locator``.</doc>
<msg timestamp="20240125 13:37:32.117" level="INFO">Clicking button 'xpath://button[@data-label='Zoeken']'.</msg>
<status status="PASS" starttime="20240125 13:37:32.116" endtime="20240125 13:37:34.847"/>
</kw>
<kw name="Page Should Contain" library="SeleniumLibrary">
<arg>producten gevonden..</arg>
<doc>Verifies that current page contains ``text``.</doc>
<msg timestamp="20240125 13:37:35.723" level="INFO" html="true">&lt;/td&gt;&lt;/tr&gt;&lt;tr&gt;&lt;td colspan="3"&gt;&lt;a href="selenium-screenshot-2.png"&gt;&lt;img src="selenium-screenshot-2.png" width="800px"&gt;&lt;/a&gt;</msg>
<msg timestamp="20240125 13:37:35.723" level="FAIL">Page should have contained text 'producten gevonden..' but did not.</msg>
<status status="FAIL" starttime="20240125 13:37:34.847" endtime="20240125 13:37:35.730"/>
</kw>
<status status="FAIL" starttime="20240125 13:37:31.541" endtime="20240125 13:37:35.731"/>
</kw>
<kw name="Sleep" library="BuiltIn">
<arg>1</arg>
<doc>Pauses the test executed for the given time.</doc>
<status status="NOT RUN" starttime="20240125 13:37:35.731" endtime="20240125 13:37:35.731"/>
</kw>
<kw name="Finish Test Case" library="CommonFunctionality" type="TEARDOWN">
<kw name="Close Browser" library="SeleniumLibrary">
<doc>Closes the current browser.</doc>
<status status="PASS" starttime="20240125 13:37:35.732" endtime="20240125 13:37:38.070"/>
</kw>
<status status="PASS" starttime="20240125 13:37:35.731" endtime="20240125 13:37:38.071"/>
</kw>
<doc>This test case verifies</doc>
<tag>Functional</tag>
<status status="FAIL" starttime="20240125 13:37:26.547" endtime="20240125 13:37:38.071">Page should have contained text 'producten gevonden..' but did not.</status>
</test>
<doc>Basic Search Functionality</doc>
<status status="FAIL" starttime="20240125 13:37:26.251" endtime="20240125 13:37:38.074"/>
</suite>
<statistics>
<total>
<stat pass="0" fail="1" skip="0">All Tests</stat>
</total>
<tag>
<stat pass="0" fail="1" skip="0">Functional</stat>
</tag>
<suite>
<stat pass="0" fail="1" skip="0" id="s1" name="LoginPage">LoginPage</stat>
</suite>
</statistics>
<errors>
</errors>
</robot>
